P16 assembler v1.5 (Feb  9 2024)	c:\uni\LEIC 2 ANO\2semestre\AC\labs_code\Computer-Architecture-Class\16_AC_ex2.lst	Wed May 01 19:39:15 2024

Sections
Index   Name            Address   Size
0       .text           0000      0022 34
1       .stack          0022      0010 16

Symbols
Name                    Type      Value       Section
ex2                     LABEL     0000 0      .text
line#18                 LABEL     0010 16     .text
main                    LABEL     0012 18     .text
STACK_SIZE              ABSOLUTE  0010 16     .text
stack_top               LABEL     0032 50     .stack
stack_top_addr          LABEL     0020 32     .text

Code listing
   1           	; Compilation statement:
   2           	; > p16as -s .text=0x3000 -s .stack=0x7FF0 16_AC_ex2.s
   3           		.text
   4           	ex2:
   5           	; Valores iniciais
   6           	; PC= 0x3000, SP= 0x8000
   7           	; R0= 0xA055, R1= 0x1000
   8           	; R2= 0x0080
   9           	;
  10 0000 D0 7F		movt 	r0, #0xFD
  11 0002 10 28		strb 	r0, [r1, #0]
  12 0004 92 28		strb	r2, [r1, #1]
  13 0006 01 24		push	r1
  14 0008 13 08		ldrb	r3, [r1, #0]
  15 000A 91 E1		lsl		r1, r1, #3
  16 000C 13 08		ldrb	r3, [r1, #0]
  17 000E 04 04		pop 	r4
  18 0010 FF 5B		b		.
  19           	main:
  20 0012 50 65		mov		r0, #0x55
  21 0014 00 7A		movt	r0, #0xA0
  22 0016 01 60		mov		r1, #0x00
  23 0018 01 71		movt 	r1, #0x10
  24 001A 02 68		mov		r2, #0x80
  25 001C 1D 0C		ldr		sp, stack_top_addr
  26 001E F0 5B		b 		ex2
  27           	stack_top_addr:
  28 0020 32 00		.word stack_top
  29           		
  30          		.equ STACK_SIZE, 16
  31           		.stack
  32 0022 00   		.space STACK_SIZE
  32 .... ..
  32 0031 00
  33           	stack_top:
  33           	
