Flow report for Avaliacao_intercalar1
Fri May 17 11:41:10 2024
Quartus Prime Version 19.1.0 Build 670 09/22/2019 SJ Lite Edition


---------------------
; Table of Contents ;
---------------------
  1. Legal Notice
  2. Flow Summary
  3. Flow Settings
  4. Flow Non-Default Global Settings
  5. Flow Elapsed Time
  6. Flow OS Summary
  7. Flow Log
  8. Flow Messages
  9. Flow Suppressed Messages



----------------
; Legal Notice ;
----------------
Copyright (C) 2019  Intel Corporation. All rights reserved.
Your use of Intel Corporation's design tools, logic functions 
and other software and tools, and any partner logic 
functions, and any output files from any of the foregoing 
(including device programming or simulation files), and any 
associated documentation or information are expressly subject 
to the terms and conditions of the Intel Program License 
Subscription Agreement, the Intel Quartus Prime License Agreement,
the Intel FPGA IP License Agreement, or other applicable license
agreement, including, without limitation, that your use is for
the sole purpose of programming logic devices manufactured by
Intel and sold by Intel or its authorized distributors.  Please
refer to the applicable agreement for further details, at
https://fpgasoftware.intel.com/eula.



+----------------------------------------------------------------------------------+
; Flow Summary                                                                     ;
+------------------------------------+---------------------------------------------+
; Flow Status                        ; Successful - Fri May 17 11:41:10 2024       ;
; Quartus Prime Version              ; 19.1.0 Build 670 09/22/2019 SJ Lite Edition ;
; Revision Name                      ; Avaliacao_intercalar1                       ;
; Top-level Entity Name              ; Shift_Register_7bits                        ;
; Family                             ; MAX 10                                      ;
; Device                             ; 10M50DAF484C6GES                            ;
; Timing Models                      ; Preliminary                                 ;
; Total logic elements               ; 8 / 49,760 ( < 1 % )                        ;
;     Total combinational functions  ; 1 / 49,760 ( < 1 % )                        ;
;     Dedicated logic registers      ; 7 / 49,760 ( < 1 % )                        ;
; Total registers                    ; 7                                           ;
; Total pins                         ; 20 / 360 ( 6 % )                            ;
; Total virtual pins                 ; 0                                           ;
; Total memory bits                  ; 0 / 1,677,312 ( 0 % )                       ;
; Embedded Multiplier 9-bit elements ; 0 / 288 ( 0 % )                             ;
; Total PLLs                         ; 0 / 4 ( 0 % )                               ;
; UFM blocks                         ; 0 / 1 ( 0 % )                               ;
; ADC blocks                         ; 0 / 2 ( 0 % )                               ;
+------------------------------------+---------------------------------------------+


+-------------------------------------------+
; Flow Settings                             ;
+-------------------+-----------------------+
; Option            ; Setting               ;
+-------------------+-----------------------+
; Start date & time ; 05/17/2024 11:40:35   ;
; Main task         ; Compilation           ;
; Revision Name     ; Avaliacao_intercalar1 ;
+-------------------+-----------------------+


+----------------------------------------------------------------------------------------------------------------------------------------------+
; Flow Non-Default Global Settings                                                                                                             ;
+-------------------------------------+----------------------------------------+-----------------------+----------------------+----------------+
; Assignment Name                     ; Value                                  ; Default Value         ; Entity Name          ; Section Id     ;
+-------------------------------------+----------------------------------------+-----------------------+----------------------+----------------+
; COMPILER_SIGNATURE_ID               ; 1096200957609.171594243530312          ; --                    ; --                   ; --             ;
; EDA_OUTPUT_DATA_FORMAT              ; Verilog Hdl                            ; --                    ; --                   ; eda_simulation ;
; EDA_SIMULATION_TOOL                 ; ModelSim-Altera (Verilog)              ; <None>                ; --                   ; --             ;
; MAX_CORE_JUNCTION_TEMP              ; 85                                     ; --                    ; --                   ; --             ;
; MIN_CORE_JUNCTION_TEMP              ; 0                                      ; --                    ; --                   ; --             ;
; PARTITION_COLOR                     ; -- (Not supported for targeted family) ; --                    ; Shift_Register_7bits ; Top            ;
; PARTITION_FITTER_PRESERVATION_LEVEL ; -- (Not supported for targeted family) ; --                    ; Shift_Register_7bits ; Top            ;
; PARTITION_NETLIST_TYPE              ; -- (Not supported for targeted family) ; --                    ; Shift_Register_7bits ; Top            ;
; POWER_BOARD_THERMAL_MODEL           ; None (CONSERVATIVE)                    ; --                    ; --                   ; --             ;
; POWER_PRESET_COOLING_SOLUTION       ; 23 MM HEAT SINK WITH 200 LFPM AIRFLOW  ; --                    ; --                   ; --             ;
; PROJECT_OUTPUT_DIRECTORY            ; output_files                           ; --                    ; --                   ; --             ;
; TOP_LEVEL_ENTITY                    ; Shift_Register_7bits                   ; Avaliacao_intercalar1 ; --                   ; --             ;
+-------------------------------------+----------------------------------------+-----------------------+----------------------+----------------+


+--------------------------------------------------------------------------------------------------------------------------+
; Flow Elapsed Time                                                                                                        ;
+----------------------+--------------+-------------------------+---------------------+------------------------------------+
; Module Name          ; Elapsed Time ; Average Processors Used ; Peak Virtual Memory ; Total CPU Time (on all processors) ;
+----------------------+--------------+-------------------------+---------------------+------------------------------------+
; Analysis & Synthesis ; 00:00:11     ; 1.0                     ; 4843 MB             ; 00:00:12                           ;
; Fitter               ; 00:00:11     ; 1.0                     ; 6210 MB             ; 00:00:09                           ;
; Assembler            ; 00:00:04     ; 1.0                     ; 4696 MB             ; 00:00:02                           ;
; Timing Analyzer      ; 00:00:03     ; 1.0                     ; 4924 MB             ; 00:00:02                           ;
; EDA Netlist Writer   ; 00:00:01     ; 1.0                     ; 4655 MB             ; 00:00:00                           ;
; Total                ; 00:00:30     ; --                      ; --                  ; 00:00:25                           ;
+----------------------+--------------+-------------------------+---------------------+------------------------------------+


+------------------------------------------------------------------------------------+
; Flow OS Summary                                                                    ;
+----------------------+------------------+------------+------------+----------------+
; Module Name          ; Machine Hostname ; OS Name    ; OS Version ; Processor type ;
+----------------------+------------------+------------+------------+----------------+
; Analysis & Synthesis ; Rita_Monteiro    ; Windows 10 ; 10.0       ; x86_64         ;
; Fitter               ; Rita_Monteiro    ; Windows 10 ; 10.0       ; x86_64         ;
; Assembler            ; Rita_Monteiro    ; Windows 10 ; 10.0       ; x86_64         ;
; Timing Analyzer      ; Rita_Monteiro    ; Windows 10 ; 10.0       ; x86_64         ;
; EDA Netlist Writer   ; Rita_Monteiro    ; Windows 10 ; 10.0       ; x86_64         ;
+----------------------+------------------+------------+------------+----------------+


------------
; Flow Log ;
------------
quartus_map --read_settings_files=on --write_settings_files=off Avaliacao_intercalar1 -c Avaliacao_intercalar1
quartus_fit --read_settings_files=off --write_settings_files=off Avaliacao_intercalar1 -c Avaliacao_intercalar1
quartus_asm --read_settings_files=off --write_settings_files=off Avaliacao_intercalar1 -c Avaliacao_intercalar1
quartus_sta Avaliacao_intercalar1 -c Avaliacao_intercalar1
quartus_eda --read_settings_files=off --write_settings_files=off Avaliacao_intercalar1 -c Avaliacao_intercalar1



